<?xml version="1.0" encoding="UTF-8"?>
<!-- Generated by org.testng.reporters.JUnitReportReporter -->
<testsuite hostname="MacBook-Pro-de-David.local" name="org.uag.netsim.core.layer.mac.MacLayerNodeTest" tests="2" failures="0" timestamp="29 Jun 2016 00:12:52 GMT" time="4.092" errors="0">
  <testcase name="energyDetectionScanTest" time="2.023" classname="org.uag.netsim.core.layer.mac.MacLayerNodeTest"/>
  <testcase name="activeScanTest" time="2.069" classname="org.uag.netsim.core.layer.mac.MacLayerNodeTest"/>
</testsuite> <!-- org.uag.netsim.core.layer.mac.MacLayerNodeTest -->
