<?xml version="1.0" encoding="UTF-8"?>
<!-- Generated by org.testng.reporters.JUnitReportReporter -->
<testsuite hostname="MacBook-Pro-de-David.local" name="org.uag.netsim.core.layer.app.AppLayerNodeTest" tests="1" failures="0" timestamp="13 May 2016 01:52:16 GMT" time="46.998" errors="0">
  <testcase name="test" time="46.998" classname="org.uag.netsim.core.layer.app.AppLayerNodeTest"/>
</testsuite> <!-- org.uag.netsim.core.layer.app.AppLayerNodeTest -->
