<?xml version="1.0" encoding="UTF-8"?>
<!-- Generated by org.testng.reporters.JUnitReportReporter -->
<testsuite hostname="MacBook-Pro-de-David.local" name="org.uag.netsim.core.layer.phy.PhyLayerNodeTest" tests="1" failures="0" timestamp="14 Jun 2016 02:19:08 GMT" time="17.596" errors="0">
  <testcase name="test" time="17.596" classname="org.uag.netsim.core.layer.phy.PhyLayerNodeTest"/>
</testsuite> <!-- org.uag.netsim.core.layer.phy.PhyLayerNodeTest -->
