<?xml version="1.0" encoding="UTF-8"?>
<!-- Generated by org.testng.reporters.JUnitReportReporter -->
<testsuite hostname="MacBook-Pro-de-David.local" name="org.uag.netsim.core.layer.phy.PhyLayerNodeTest" tests="2" failures="0" timestamp="24 Jun 2016 18:47:56 GMT" time="0.029" errors="0">
  <testcase name="increaseEnergyLevelTest" time="0.016" classname="org.uag.netsim.core.layer.phy.PhyLayerNodeTest"/>
  <testcase name="test" time="0.013" classname="org.uag.netsim.core.layer.phy.PhyLayerNodeTest"/>
</testsuite> <!-- org.uag.netsim.core.layer.phy.PhyLayerNodeTest -->
