<?xml version="1.0" encoding="UTF-8"?>
<!-- Generated by org.testng.reporters.JUnitReportReporter -->
<testsuite hostname="MacBook-Pro-de-David.local" name="org.uag.netsim.core.layer.app.AppLayerNodeTest" tests="1" failures="0" timestamp="18 May 2016 00:33:56 GMT" time="1.014" errors="0">
  <testcase name="test" time="1.014" classname="org.uag.netsim.core.layer.app.AppLayerNodeTest"/>
</testsuite> <!-- org.uag.netsim.core.layer.app.AppLayerNodeTest -->
