<?xml version="1.0" encoding="UTF-8"?>
<!-- Generated by org.testng.reporters.JUnitReportReporter -->
<testsuite hostname="MacBook-Pro-de-David.local" name="org.uag.netsim.core.layer.network.NetworkLayerNodeTest" tests="1" failures="0" timestamp="11 Jun 2016 00:10:28 GMT" time="33.785" errors="0">
  <testcase name="test" time="33.785" classname="org.uag.netsim.core.layer.network.NetworkLayerNodeTest"/>
</testsuite> <!-- org.uag.netsim.core.layer.network.NetworkLayerNodeTest -->
