<?xml version="1.0" encoding="UTF-8"?>
<!-- Generated by org.testng.reporters.JUnitReportReporter -->
<testsuite hostname="MacBook-Pro-de-David.local" name="org.uag.netsim.core.layer.mac.MacLayerNodeTest" tests="1" failures="0" timestamp="11 Jun 2016 18:55:49 GMT" time="16.666" errors="0">
  <testcase name="test" time="16.666" classname="org.uag.netsim.core.layer.mac.MacLayerNodeTest"/>
</testsuite> <!-- org.uag.netsim.core.layer.mac.MacLayerNodeTest -->
