<?xml version="1.0" encoding="UTF-8"?>
<!-- Generated by org.testng.reporters.JUnitReportReporter -->
<testsuite hostname="MacBook-Pro-de-David.local" name="org.uag.netsim.core.layer.app.client.AppLayerClientTest" tests="1" failures="0" timestamp="13 May 2016 01:52:09 GMT" time="5.124" errors="0">
  <testcase name="test" time="5.124" classname="org.uag.netsim.core.layer.app.client.AppLayerClientTest"/>
</testsuite> <!-- org.uag.netsim.core.layer.app.client.AppLayerClientTest -->
