<?xml version="1.0" encoding="UTF-8"?>
<!-- Generated by org.testng.reporters.JUnitReportReporter -->
<testsuite hostname="MacBook-Pro-de-David.local" name="org.uag.netsim.core.layer.app.client.AppLayerNodeTest" tests="1" failures="0" timestamp="13 May 2016 01:17:57 GMT" time="1.013" errors="0">
  <testcase name="test" time="1.013" classname="org.uag.netsim.core.layer.app.client.AppLayerNodeTest"/>
</testsuite> <!-- org.uag.netsim.core.layer.app.client.AppLayerNodeTest -->
