<?xml version="1.0" encoding="UTF-8"?>
<!-- Generated by org.testng.reporters.JUnitReportReporter -->
<testsuite hostname="MacBook-Pro-de-David.local" name="org.uag.netsim.core.layer.app.client.AppLayerClientTest" tests="1" failures="0" timestamp="15 Jun 2016 02:10:36 GMT" time="20.427" errors="0">
  <testcase name="test" time="20.427" classname="org.uag.netsim.core.layer.app.client.AppLayerClientTest"/>
</testsuite> <!-- org.uag.netsim.core.layer.app.client.AppLayerClientTest -->
